{"message":"Bot started","level":"info","timestamp":"15-01-21 19:04:18"}
{"message":"User presence changed","username":"blitz","oldStatus":"online","newStatus":"offline","level":"info","timestamp":"15-01-21 19:04:27"}
{"message":"User presence changed","username":"zuzanna","oldStatus":"idle","newStatus":"idle","level":"info","timestamp":"15-01-21 19:04:48"}
{"message":"User presence changed","username":"Staijn","oldStatus":"online","newStatus":"idle","level":"info","timestamp":"15-01-21 19:05:03"}
{"message":"User presence changed","username":"mybuiscuitzrmine","oldStatus":"online","newStatus":"online","level":"info","timestamp":"15-01-21 19:05:09"}
{"message":"User presence changed","username":"FlipZ","oldStatus":"online","newStatus":"online","level":"info","timestamp":"15-01-21 19:05:40"}
{"message":"User presence changed","username":"cmjm","oldStatus":"unknown","newStatus":"dnd","level":"info","timestamp":"15-01-21 19:06:04"}
{"message":"User presence changed","username":"Staijn","oldStatus":"idle","newStatus":"online","level":"info","timestamp":"15-01-21 19:06:15"}
{"message":"User presence changed","username":"Tommy游녬","oldStatus":"online","newStatus":"online","level":"info","timestamp":"15-01-21 19:06:36"}
{"message":"User presence changed","username":"blitz","oldStatus":"offline","newStatus":"online","level":"info","timestamp":"15-01-21 19:06:37"}
{"message":"User presence changed","username":"Staijn","oldStatus":"online","newStatus":"idle","level":"info","timestamp":"15-01-21 19:07:37"}
{"message":"User presence changed","username":"cmjm","oldStatus":"dnd","newStatus":"offline","level":"info","timestamp":"15-01-21 19:08:04"}
{"message":"Bot started","level":"info","timestamp":"15-01-21 19:08:23"}
{"message":"User presence changed","username":"mybuiscuitzrmine","oldStatus":"online","newStatus":"online","level":"info","timestamp":"15-01-21 19:08:29"}
{"message":"User presence changed","username":"blitz","oldStatus":"online","newStatus":"offline","level":"info","timestamp":"15-01-21 19:08:37"}
{"message":"User presence changed","username":"Staijn","oldStatus":"idle","newStatus":"online","level":"info","timestamp":"15-01-21 19:08:47"}
{"message":"User presence changed","username":"cmjm","oldStatus":"unknown","newStatus":"dnd","level":"info","timestamp":"15-01-21 19:09:14"}
{"message":"User presence changed","username":"sleepy cat","oldStatus":"online","newStatus":"idle","level":"info","timestamp":"15-01-21 19:10:21"}
{"message":"User presence changed","username":"cmjm","oldStatus":"dnd","newStatus":"offline","level":"info","timestamp":"15-01-21 19:11:14"}
{"message":"User presence changed","username":"Staijn","oldStatus":"online","newStatus":"online","level":"info","timestamp":"15-01-21 19:13:11"}
{"message":"User presence changed","username":"mybuiscuitzrmine","oldStatus":"online","newStatus":"online","level":"info","timestamp":"15-01-21 19:13:11"}
{"message":"User presence changed","username":"sleepy cat","oldStatus":"idle","newStatus":"offline","level":"info","timestamp":"15-01-21 19:13:11"}
{"message":"User presence changed","username":"mybuiscuitzrmine","oldStatus":"online","newStatus":"online","level":"info","timestamp":"15-01-21 19:13:18"}
{"message":"Bot started","level":"info","timestamp":"15-01-21 19:13:27"}
{"message":"User presence changed","username":"Staijn","oldStatus":"online","newStatus":"online","level":"info","timestamp":"15-01-21 19:13:31"}
{"message":"User presence changed","username":"mybuiscuitzrmine","oldStatus":"online","newStatus":"online","level":"info","timestamp":"15-01-21 19:13:39"}
{"message":"User presence changed","username":"mybuiscuitzrmine","oldStatus":"online","newStatus":"online","level":"info","timestamp":"15-01-21 19:13:41"}
{"message":"User presence changed","username":"mybuiscuitzrmine","oldStatus":"online","newStatus":"online","level":"info","timestamp":"15-01-21 19:13:51"}
{"message":"User presence changed","username":"Staijn","oldStatus":"online","newStatus":"idle","level":"info","timestamp":"15-01-21 19:14:03"}
{"message":"User presence changed","username":"Staijn","oldStatus":"idle","newStatus":"online","level":"info","timestamp":"15-01-21 19:14:28"}
{"message":"User presence changed","username":"Tommy游녬","oldStatus":"online","newStatus":"idle","level":"info","timestamp":"15-01-21 19:15:31"}
{"message":"User presence changed","username":"Staijn","oldStatus":"online","newStatus":"idle","level":"info","timestamp":"15-01-21 19:16:00"}
{"message":"User presence changed","username":"SiMO","oldStatus":"unknown","newStatus":"dnd","level":"info","timestamp":"15-01-21 19:16:48"}
{"message":"User presence changed","username":"mybuiscuitzrmine","oldStatus":"online","newStatus":"online","level":"info","timestamp":"15-01-21 19:16:56"}
{"message":"User presence changed","username":"SiMO","oldStatus":"dnd","newStatus":"offline","level":"info","timestamp":"15-01-21 19:19:30"}
{"message":"User presence changed","username":"mybuiscuitzrmine","oldStatus":"online","newStatus":"online","level":"info","timestamp":"15-01-21 19:21:26"}
{"message":"User presence changed","username":"mybuiscuitzrmine","oldStatus":"online","newStatus":"online","level":"info","timestamp":"15-01-21 19:21:26"}
{"message":"User presence changed","username":"mybuiscuitzrmine","oldStatus":"online","newStatus":"online","level":"info","timestamp":"15-01-21 19:21:27"}
{"message":"User presence changed","username":"mybuiscuitzrmine","oldStatus":"online","newStatus":"online","level":"info","timestamp":"15-01-21 19:21:47"}
{"message":"User presence changed","username":"mybuiscuitzrmine","oldStatus":"online","newStatus":"online","level":"info","timestamp":"15-01-21 19:21:58"}
{"message":"User presence changed","username":"mybuiscuitzrmine","oldStatus":"online","newStatus":"online","level":"info","timestamp":"15-01-21 19:21:59"}
{"message":"User presence changed","username":"mybuiscuitzrmine","oldStatus":"online","newStatus":"online","level":"info","timestamp":"15-01-21 19:22:08"}
{"message":"User presence changed","username":"mybuiscuitzrmine","oldStatus":"online","newStatus":"online","level":"info","timestamp":"15-01-21 19:22:31"}
{"message":"User presence changed","username":"mybuiscuitzrmine","oldStatus":"online","newStatus":"online","level":"info","timestamp":"15-01-21 19:25:05"}
{"message":"User presence changed","username":"sleepy cat","oldStatus":"unknown","newStatus":"idle","level":"info","timestamp":"15-01-21 19:27:49"}
{"message":"User presence changed","username":"sleepy cat","oldStatus":"idle","newStatus":"online","level":"info","timestamp":"15-01-21 19:28:07"}
{"message":"User presence changed","username":"zuzanna","oldStatus":"idle","newStatus":"idle","level":"info","timestamp":"15-01-21 19:28:23"}
{"message":"User presence changed","username":"mybuiscuitzrmine","oldStatus":"online","newStatus":"online","level":"info","timestamp":"15-01-21 19:28:50"}
{"message":"User presence changed","username":"mybuiscuitzrmine","oldStatus":"online","newStatus":"online","level":"info","timestamp":"15-01-21 19:29:06"}
{"message":"User presence changed","username":"zuzanna","oldStatus":"idle","newStatus":"idle","level":"info","timestamp":"15-01-21 19:30:23"}
{"message":"User presence changed","username":"FlipZ","oldStatus":"online","newStatus":"online","level":"info","timestamp":"15-01-21 19:30:27"}
{"message":"User presence changed","username":"FlipZ","oldStatus":"online","newStatus":"online","level":"info","timestamp":"15-01-21 19:30:32"}
{"message":"User presence changed","username":"FlipZ","oldStatus":"online","newStatus":"online","level":"info","timestamp":"15-01-21 19:30:39"}
{"message":"User presence changed","username":"FlipZ","oldStatus":"online","newStatus":"online","level":"info","timestamp":"15-01-21 19:30:39"}
{"message":"User presence changed","username":"FlipZ","oldStatus":"online","newStatus":"online","level":"info","timestamp":"15-01-21 19:30:52"}
{"message":"User presence changed","username":"FlipZ","oldStatus":"online","newStatus":"online","level":"info","timestamp":"15-01-21 19:30:52"}
{"message":"User presence changed","username":"FlipZ","oldStatus":"online","newStatus":"online","level":"info","timestamp":"15-01-21 19:30:55"}
{"message":"User presence changed","username":"FlipZ","oldStatus":"online","newStatus":"online","level":"info","timestamp":"15-01-21 19:30:59"}
{"message":"User presence changed","username":"FlipZ","oldStatus":"online","newStatus":"online","level":"info","timestamp":"15-01-21 19:31:06"}
{"message":"User presence changed","username":"FlipZ","oldStatus":"online","newStatus":"online","level":"info","timestamp":"15-01-21 19:31:12"}
{"message":"User presence changed","username":"FlipZ","oldStatus":"online","newStatus":"online","level":"info","timestamp":"15-01-21 19:31:15"}
{"message":"User presence changed","username":"FlipZ","oldStatus":"online","newStatus":"online","level":"info","timestamp":"15-01-21 19:31:15"}
{"message":"User presence changed","username":"FlipZ","oldStatus":"online","newStatus":"online","level":"info","timestamp":"15-01-21 19:31:20"}
{"message":"User presence changed","username":"FlipZ","oldStatus":"online","newStatus":"online","level":"info","timestamp":"15-01-21 19:31:26"}
{"message":"User presence changed","username":"FlipZ","oldStatus":"online","newStatus":"online","level":"info","timestamp":"15-01-21 19:31:32"}
{"message":"User presence changed","username":"FlipZ","oldStatus":"online","newStatus":"online","level":"info","timestamp":"15-01-21 19:31:58"}
{"message":"User presence changed","username":"FlipZ","oldStatus":"online","newStatus":"online","level":"info","timestamp":"15-01-21 19:32:02"}
{"message":"User presence changed","username":"mybuiscuitzrmine","oldStatus":"online","newStatus":"online","level":"info","timestamp":"15-01-21 19:32:43"}
{"message":"User presence changed","username":"blitz","oldStatus":"unknown","newStatus":"online","level":"info","timestamp":"15-01-21 19:33:35"}
{"message":"User presence changed","username":"Tommy游녬","oldStatus":"idle","newStatus":"online","level":"info","timestamp":"15-01-21 19:34:14"}
{"message":"User presence changed","username":"blitz","oldStatus":"online","newStatus":"offline","level":"info","timestamp":"15-01-21 19:35:35"}
{"message":"User presence changed","username":"Tommy游녬","oldStatus":"online","newStatus":"online","level":"info","timestamp":"15-01-21 19:36:14"}
{"message":"User presence changed","username":"mybuiscuitzrmine","oldStatus":"online","newStatus":"online","level":"info","timestamp":"15-01-21 19:36:26"}
{"message":"User presence changed","username":"mybuiscuitzrmine","oldStatus":"online","newStatus":"online","level":"info","timestamp":"15-01-21 19:37:08"}
{"message":"User presence changed","username":"Tommy游녬","oldStatus":"online","newStatus":"idle","level":"info","timestamp":"15-01-21 19:37:11"}
{"message":"User presence changed","username":"Iv치n~","oldStatus":"unknown","newStatus":"idle","level":"info","timestamp":"15-01-21 19:42:11"}
{"message":"User presence changed","username":"blitz","oldStatus":"offline","newStatus":"online","level":"info","timestamp":"15-01-21 19:43:16"}
{"message":"User presence changed","username":"FlipZ","oldStatus":"online","newStatus":"online","level":"info","timestamp":"15-01-21 19:44:44"}
{"message":"User presence changed","username":"FlipZ","oldStatus":"online","newStatus":"online","level":"info","timestamp":"15-01-21 19:45:05"}
{"message":"User presence changed","username":"Iv치n~","oldStatus":"idle","newStatus":"idle","level":"info","timestamp":"15-01-21 19:45:06"}
{"message":"User presence changed","username":"FlipZ","oldStatus":"online","newStatus":"online","level":"info","timestamp":"15-01-21 19:45:13"}
{"message":"User presence changed","username":"FlipZ","oldStatus":"online","newStatus":"online","level":"info","timestamp":"15-01-21 19:45:15"}
{"message":"User presence changed","username":"blitz","oldStatus":"online","newStatus":"offline","level":"info","timestamp":"15-01-21 19:45:16"}
{"message":"User presence changed","username":"FlipZ","oldStatus":"online","newStatus":"online","level":"info","timestamp":"15-01-21 19:48:05"}
{"message":"User presence changed","username":"FlipZ","oldStatus":"online","newStatus":"online","level":"info","timestamp":"15-01-21 19:48:21"}
{"message":"User presence changed","username":"mybuiscuitzrmine","oldStatus":"online","newStatus":"online","level":"info","timestamp":"15-01-21 19:55:38"}
{"message":"User presence changed","username":"SiMO","oldStatus":"offline","newStatus":"dnd","level":"info","timestamp":"15-01-21 19:56:29"}
{"message":"User presence changed","username":"Tommy游녬","oldStatus":"idle","newStatus":"online","level":"info","timestamp":"15-01-21 19:57:31"}
{"message":"User presence changed","username":"cmjm","oldStatus":"unknown","newStatus":"dnd","level":"info","timestamp":"15-01-21 19:57:35"}
{"message":"User presence changed","username":"Tommy游녬","oldStatus":"online","newStatus":"online","level":"info","timestamp":"15-01-21 19:58:23"}
{"message":"User presence changed","username":"SiMO","oldStatus":"dnd","newStatus":"offline","level":"info","timestamp":"15-01-21 19:58:29"}
{"message":"User presence changed","username":"blitz","oldStatus":"offline","newStatus":"online","level":"info","timestamp":"15-01-21 19:59:34"}
{"message":"User presence changed","username":"Tommy游녬","oldStatus":"online","newStatus":"online","level":"info","timestamp":"15-01-21 19:59:55"}
{"message":"User presence changed","username":"Tommy游녬","oldStatus":"online","newStatus":"online","level":"info","timestamp":"15-01-21 20:01:25"}
{"message":"User presence changed","username":"FlipZ","oldStatus":"online","newStatus":"online","level":"info","timestamp":"15-01-21 20:02:13"}
{"message":"User presence changed","username":"FlipZ","oldStatus":"online","newStatus":"online","level":"info","timestamp":"15-01-21 20:02:35"}
{"message":"User presence changed","username":"blitz","oldStatus":"online","newStatus":"offline","level":"info","timestamp":"15-01-21 20:02:43"}
{"message":"User presence changed","username":"FlipZ","oldStatus":"online","newStatus":"online","level":"info","timestamp":"15-01-21 20:03:21"}
{"message":"User presence changed","username":"FlipZ","oldStatus":"online","newStatus":"online","level":"info","timestamp":"15-01-21 20:03:25"}
{"message":"User presence changed","username":"FlipZ","oldStatus":"online","newStatus":"online","level":"info","timestamp":"15-01-21 20:03:50"}
{"message":"User presence changed","username":"SiMO","oldStatus":"offline","newStatus":"dnd","level":"info","timestamp":"15-01-21 20:04:11"}
{"message":"User presence changed","username":"FlipZ","oldStatus":"online","newStatus":"online","level":"info","timestamp":"15-01-21 20:04:16"}
{"message":"User presence changed","username":"FlipZ","oldStatus":"online","newStatus":"online","level":"info","timestamp":"15-01-21 20:04:16"}
{"message":"User presence changed","username":"FlipZ","oldStatus":"online","newStatus":"online","level":"info","timestamp":"15-01-21 20:04:38"}
{"message":"User presence changed","username":"FlipZ","oldStatus":"online","newStatus":"online","level":"info","timestamp":"15-01-21 20:04:49"}
{"message":"User presence changed","username":"FlipZ","oldStatus":"online","newStatus":"online","level":"info","timestamp":"15-01-21 20:05:10"}
{"message":"User presence changed","username":"Tommy游녬","oldStatus":"online","newStatus":"online","level":"info","timestamp":"15-01-21 20:06:02"}
{"message":"User presence changed","username":"ShortIcelander","oldStatus":"unknown","newStatus":"dnd","level":"info","timestamp":"15-01-21 20:06:06"}
{"message":"User presence changed","username":"Tommy游녬","oldStatus":"online","newStatus":"online","level":"info","timestamp":"15-01-21 20:06:07"}
{"message":"User presence changed","username":"Tommy游녬","oldStatus":"online","newStatus":"online","level":"info","timestamp":"15-01-21 20:06:09"}
{"message":"User presence changed","username":"SiMO","oldStatus":"dnd","newStatus":"offline","level":"info","timestamp":"15-01-21 20:06:52"}
{"message":"User presence changed","username":"Tommy游녬","oldStatus":"online","newStatus":"idle","level":"info","timestamp":"15-01-21 20:07:31"}
{"message":"User presence changed","username":"FlipZ","oldStatus":"online","newStatus":"online","level":"info","timestamp":"15-01-21 20:08:49"}
{"message":"User presence changed","username":"FlipZ","oldStatus":"online","newStatus":"online","level":"info","timestamp":"15-01-21 20:08:55"}
{"message":"User presence changed","username":"FlipZ","oldStatus":"online","newStatus":"online","level":"info","timestamp":"15-01-21 20:09:20"}
{"message":"User presence changed","username":"FlipZ","oldStatus":"online","newStatus":"online","level":"info","timestamp":"15-01-21 20:09:41"}
{"message":"User presence changed","username":"blitz","oldStatus":"offline","newStatus":"online","level":"info","timestamp":"15-01-21 20:09:58"}
{"message":"User presence changed","username":"SiMO","oldStatus":"offline","newStatus":"dnd","level":"info","timestamp":"15-01-21 20:10:19"}
{"message":"User presence changed","username":"mybuiscuitzrmine","oldStatus":"online","newStatus":"online","level":"info","timestamp":"15-01-21 20:10:52"}
{"message":"User presence changed","username":"cmjm","oldStatus":"dnd","newStatus":"offline","level":"info","timestamp":"15-01-21 20:10:53"}
{"message":"User presence changed","username":"cmjm","oldStatus":"offline","newStatus":"dnd","level":"info","timestamp":"15-01-21 20:10:56"}
{"message":"User presence changed","username":"FlipZ","oldStatus":"online","newStatus":"online","level":"info","timestamp":"15-01-21 20:12:02"}
{"message":"User presence changed","username":"FlipZ","oldStatus":"online","newStatus":"online","level":"info","timestamp":"15-01-21 20:12:03"}
{"message":"User presence changed","username":"SiMO","oldStatus":"dnd","newStatus":"offline","level":"info","timestamp":"15-01-21 20:13:00"}
{"message":"User presence changed","username":"cmjm","oldStatus":"dnd","newStatus":"offline","level":"info","timestamp":"15-01-21 20:13:15"}
{"message":"User presence changed","username":"cmjm","oldStatus":"offline","newStatus":"dnd","level":"info","timestamp":"15-01-21 20:13:20"}
{"message":"User presence changed","username":"mybuiscuitzrmine","oldStatus":"online","newStatus":"online","level":"info","timestamp":"15-01-21 20:13:48"}
{"message":"User presence changed","username":"FlipZ","oldStatus":"online","newStatus":"online","level":"info","timestamp":"15-01-21 20:14:04"}
{"message":"User presence changed","username":"mybuiscuitzrmine","oldStatus":"online","newStatus":"online","level":"info","timestamp":"15-01-21 20:14:22"}
{"message":"User presence changed","username":"FlipZ","oldStatus":"online","newStatus":"online","level":"info","timestamp":"15-01-21 20:14:30"}
{"message":"User presence changed","username":"cmjm","oldStatus":"dnd","newStatus":"offline","level":"info","timestamp":"15-01-21 20:14:40"}
{"message":"User presence changed","username":"cmjm","oldStatus":"offline","newStatus":"dnd","level":"info","timestamp":"15-01-21 20:14:43"}
{"message":"User presence changed","username":"mybuiscuitzrmine","oldStatus":"online","newStatus":"online","level":"info","timestamp":"15-01-21 20:14:45"}
{"message":"User presence changed","username":"mybuiscuitzrmine","oldStatus":"online","newStatus":"online","level":"info","timestamp":"15-01-21 20:14:46"}
{"message":"User presence changed","username":"FlipZ","oldStatus":"online","newStatus":"online","level":"info","timestamp":"15-01-21 20:14:49"}
{"message":"User presence changed","username":"mybuiscuitzrmine","oldStatus":"online","newStatus":"online","level":"info","timestamp":"15-01-21 20:15:00"}
{"message":"User presence changed","username":"mybuiscuitzrmine","oldStatus":"online","newStatus":"online","level":"info","timestamp":"15-01-21 20:15:01"}
{"message":"User presence changed","username":"Vyee","oldStatus":"unknown","newStatus":"dnd","level":"info","timestamp":"15-01-21 20:15:30"}
{"message":"User presence changed","username":"Tommy游녬","oldStatus":"idle","newStatus":"online","level":"info","timestamp":"15-01-21 20:16:11"}
{"message":"User presence changed","username":"blitz","oldStatus":"online","newStatus":"offline","level":"info","timestamp":"15-01-21 20:17:26"}
{"message":"User presence changed","username":"SiMO","oldStatus":"offline","newStatus":"dnd","level":"info","timestamp":"15-01-21 20:17:45"}
{"message":"User presence changed","username":"mybuiscuitzrmine","oldStatus":"online","newStatus":"online","level":"info","timestamp":"15-01-21 20:17:51"}
{"message":"User presence changed","username":"FlipZ","oldStatus":"online","newStatus":"online","level":"info","timestamp":"15-01-21 20:18:00"}
{"message":"User presence changed","username":"FlipZ","oldStatus":"online","newStatus":"online","level":"info","timestamp":"15-01-21 20:18:10"}
{"message":"User presence changed","username":"FlipZ","oldStatus":"online","newStatus":"online","level":"info","timestamp":"15-01-21 20:18:10"}
{"message":"User presence changed","username":"ShortIcelander","oldStatus":"dnd","newStatus":"dnd","level":"info","timestamp":"15-01-21 20:18:17"}
{"message":"User presence changed","username":"ShortIcelander","oldStatus":"dnd","newStatus":"dnd","level":"info","timestamp":"15-01-21 20:18:20"}
{"message":"User presence changed","username":"FlipZ","oldStatus":"online","newStatus":"online","level":"info","timestamp":"15-01-21 20:18:30"}
{"message":"User presence changed","username":"cmjm","oldStatus":"dnd","newStatus":"offline","level":"info","timestamp":"15-01-21 20:18:38"}
{"message":"User presence changed","username":"mybuiscuitzrmine","oldStatus":"online","newStatus":"online","level":"info","timestamp":"15-01-21 20:18:47"}
{"message":"User presence changed","username":"mybuiscuitzrmine","oldStatus":"online","newStatus":"online","level":"info","timestamp":"15-01-21 20:18:48"}
{"message":"User presence changed","username":"mybuiscuitzrmine","oldStatus":"online","newStatus":"online","level":"info","timestamp":"15-01-21 20:18:50"}
{"message":"User presence changed","username":"ShortIcelander","oldStatus":"dnd","newStatus":"dnd","level":"info","timestamp":"15-01-21 20:19:01"}
{"message":"User presence changed","username":"ShortIcelander","oldStatus":"dnd","newStatus":"dnd","level":"info","timestamp":"15-01-21 20:19:02"}
{"message":"User presence changed","username":"mybuiscuitzrmine","oldStatus":"online","newStatus":"online","level":"info","timestamp":"15-01-21 20:19:23"}
{"message":"User presence changed","username":"mybuiscuitzrmine","oldStatus":"online","newStatus":"online","level":"info","timestamp":"15-01-21 20:19:29"}
{"message":"User presence changed","username":"Vyee","oldStatus":"dnd","newStatus":"offline","level":"info","timestamp":"15-01-21 20:19:56"}
{"message":"User presence changed","username":"mybuiscuitzrmine","oldStatus":"online","newStatus":"online","level":"info","timestamp":"15-01-21 20:19:58"}
{"message":"User presence changed","username":"mybuiscuitzrmine","oldStatus":"online","newStatus":"online","level":"info","timestamp":"15-01-21 20:21:07"}
{"message":"User presence changed","username":"Tommy游녬","oldStatus":"online","newStatus":"online","level":"info","timestamp":"15-01-21 20:21:35"}
{"message":"User presence changed","username":"FlipZ","oldStatus":"online","newStatus":"online","level":"info","timestamp":"15-01-21 20:23:28"}
{"message":"User presence changed","username":"mybuiscuitzrmine","oldStatus":"online","newStatus":"online","level":"info","timestamp":"15-01-21 20:23:50"}
{"message":"User presence changed","username":"mybuiscuitzrmine","oldStatus":"online","newStatus":"online","level":"info","timestamp":"15-01-21 20:23:50"}
{"message":"User presence changed","username":"Tommy游녬","oldStatus":"online","newStatus":"online","level":"info","timestamp":"15-01-21 20:24:35"}
{"message":"User presence changed","username":"FlipZ","oldStatus":"online","newStatus":"online","level":"info","timestamp":"15-01-21 20:25:09"}
{"message":"User presence changed","username":"FlipZ","oldStatus":"online","newStatus":"online","level":"info","timestamp":"15-01-21 20:25:09"}
{"message":"User presence changed","username":"Tommy游녬","oldStatus":"online","newStatus":"online","level":"info","timestamp":"15-01-21 20:25:19"}
{"message":"User presence changed","username":"Tommy游녬","oldStatus":"online","newStatus":"online","level":"info","timestamp":"15-01-21 20:25:37"}
{"message":"User presence changed","username":"cmjm","oldStatus":"offline","newStatus":"dnd","level":"info","timestamp":"15-01-21 20:26:05"}
{"message":"User presence changed","username":"Tommy游녬","oldStatus":"online","newStatus":"online","level":"info","timestamp":"15-01-21 20:26:20"}
{"message":"User presence changed","username":"mybuiscuitzrmine","oldStatus":"online","newStatus":"online","level":"info","timestamp":"15-01-21 20:27:53"}
{"message":"User presence changed","username":"mybuiscuitzrmine","oldStatus":"online","newStatus":"online","level":"info","timestamp":"15-01-21 20:27:55"}
{"message":"User presence changed","username":"cmjm","oldStatus":"dnd","newStatus":"offline","level":"info","timestamp":"15-01-21 20:28:37"}
{"message":"User presence changed","username":"SiMO","oldStatus":"dnd","newStatus":"offline","level":"info","timestamp":"15-01-21 20:30:15"}
{"message":"User presence changed","username":"FlipZ","oldStatus":"online","newStatus":"online","level":"info","timestamp":"15-01-21 20:30:40"}
{"message":"User presence changed","username":"cmjm","oldStatus":"offline","newStatus":"dnd","level":"info","timestamp":"15-01-21 20:30:42"}
{"message":"User presence changed","username":"ShortIcelander","oldStatus":"dnd","newStatus":"dnd","level":"info","timestamp":"15-01-21 20:30:47"}
{"message":"User presence changed","username":"FlipZ","oldStatus":"online","newStatus":"online","level":"info","timestamp":"15-01-21 20:31:15"}
{"message":"User presence changed","username":"Iv치n~","oldStatus":"idle","newStatus":"offline","level":"info","timestamp":"15-01-21 20:31:20"}
{"message":"User presence changed","username":"mybuiscuitzrmine","oldStatus":"online","newStatus":"online","level":"info","timestamp":"15-01-21 20:31:23"}
{"message":"User presence changed","username":"luckymeiseeghosts","oldStatus":"unknown","newStatus":"online","level":"info","timestamp":"15-01-21 20:31:38"}
{"message":"User presence changed","username":"SiMO","oldStatus":"offline","newStatus":"dnd","level":"info","timestamp":"15-01-21 20:32:04"}
{"message":"User presence changed","username":"nicoletemp","oldStatus":"unknown","newStatus":"online","level":"info","timestamp":"15-01-21 20:32:27"}
{"message":"User presence changed","username":"luckymeiseeghosts","oldStatus":"online","newStatus":"offline","level":"info","timestamp":"15-01-21 20:33:38"}
{"message":"User presence changed","username":"blitz","oldStatus":"offline","newStatus":"online","level":"info","timestamp":"15-01-21 20:34:26"}
{"message":"User presence changed","username":"FlipZ","oldStatus":"online","newStatus":"online","level":"info","timestamp":"15-01-21 20:34:41"}
{"message":"User presence changed","username":"FlipZ","oldStatus":"online","newStatus":"online","level":"info","timestamp":"15-01-21 20:34:51"}
{"message":"User presence changed","username":"Tommy游녬","oldStatus":"online","newStatus":"online","level":"info","timestamp":"15-01-21 20:35:00"}
{"message":"User presence changed","username":"SiMO","oldStatus":"dnd","newStatus":"offline","level":"info","timestamp":"15-01-21 20:35:51"}
{"message":"User presence changed","username":"mybuiscuitzrmine","oldStatus":"online","newStatus":"online","level":"info","timestamp":"15-01-21 20:36:10"}
{"message":"User presence changed","username":"Tommy游녬","oldStatus":"online","newStatus":"online","level":"info","timestamp":"15-01-21 20:37:19"}
{"message":"User presence changed","username":"zuzanna","oldStatus":"idle","newStatus":"idle","level":"info","timestamp":"15-01-21 20:38:03"}
{"message":"User presence changed","username":"mybuiscuitzrmine","oldStatus":"online","newStatus":"online","level":"info","timestamp":"15-01-21 20:38:10"}
{"message":"User presence changed","username":"FlipZ","oldStatus":"online","newStatus":"online","level":"info","timestamp":"15-01-21 20:39:17"}
{"message":"User presence changed","username":"Iv치n~","oldStatus":"offline","newStatus":"idle","level":"info","timestamp":"15-01-21 20:40:24"}
{"message":"User presence changed","username":"FlipZ","oldStatus":"online","newStatus":"online","level":"info","timestamp":"15-01-21 20:40:42"}
{"message":"User presence changed","username":"zuzanna","oldStatus":"idle","newStatus":"idle","level":"info","timestamp":"15-01-21 20:40:50"}
{"message":"User presence changed","username":"FlipZ","oldStatus":"online","newStatus":"online","level":"info","timestamp":"15-01-21 20:40:59"}
{"message":"User presence changed","username":"FlipZ","oldStatus":"online","newStatus":"online","level":"info","timestamp":"15-01-21 20:41:05"}
{"message":"User presence changed","username":"FlipZ","oldStatus":"online","newStatus":"online","level":"info","timestamp":"15-01-21 20:41:06"}
{"message":"User presence changed","username":"FlipZ","oldStatus":"online","newStatus":"online","level":"info","timestamp":"15-01-21 20:41:25"}
{"message":"User presence changed","username":"FlipZ","oldStatus":"online","newStatus":"online","level":"info","timestamp":"15-01-21 20:41:32"}
{"message":"User presence changed","username":"FlipZ","oldStatus":"online","newStatus":"online","level":"info","timestamp":"15-01-21 20:42:02"}
{"message":"User presence changed","username":"FlipZ","oldStatus":"online","newStatus":"online","level":"info","timestamp":"15-01-21 20:42:22"}
{"message":"User presence changed","username":"FlipZ","oldStatus":"online","newStatus":"online","level":"info","timestamp":"15-01-21 20:42:29"}
{"message":"User presence changed","username":"FlipZ","oldStatus":"online","newStatus":"online","level":"info","timestamp":"15-01-21 20:42:31"}
{"message":"User presence changed","username":"FlipZ","oldStatus":"online","newStatus":"online","level":"info","timestamp":"15-01-21 20:42:55"}
{"message":"User presence changed","username":"FlipZ","oldStatus":"online","newStatus":"online","level":"info","timestamp":"15-01-21 20:43:17"}
{"message":"User presence changed","username":"blitz","oldStatus":"online","newStatus":"offline","level":"info","timestamp":"15-01-21 20:44:06"}
{"message":"User presence changed","username":"FlipZ","oldStatus":"online","newStatus":"online","level":"info","timestamp":"15-01-21 20:44:58"}
{"message":"User presence changed","username":"zuzanna","oldStatus":"idle","newStatus":"dnd","level":"info","timestamp":"15-01-21 20:45:03"}
{"message":"User presence changed","username":"Tommy游녬","oldStatus":"online","newStatus":"online","level":"info","timestamp":"15-01-21 20:46:16"}
{"message":"User presence changed","username":"Tommy游녬","oldStatus":"online","newStatus":"online","level":"info","timestamp":"15-01-21 20:46:32"}
{"message":"User presence changed","username":"ShortIcelander","oldStatus":"dnd","newStatus":"dnd","level":"info","timestamp":"15-01-21 20:46:41"}
{"message":"User presence changed","username":"Tommy游녬","oldStatus":"online","newStatus":"online","level":"info","timestamp":"15-01-21 20:46:51"}
{"message":"User presence changed","username":"ShortIcelander","oldStatus":"dnd","newStatus":"dnd","level":"info","timestamp":"15-01-21 20:47:38"}
{"message":"User presence changed","username":"FlipZ","oldStatus":"online","newStatus":"online","level":"info","timestamp":"15-01-21 20:47:43"}
{"message":"User presence changed","username":"FlipZ","oldStatus":"online","newStatus":"online","level":"info","timestamp":"15-01-21 20:47:44"}
{"message":"User presence changed","username":"FlipZ","oldStatus":"online","newStatus":"online","level":"info","timestamp":"15-01-21 20:48:03"}
{"message":"User presence changed","username":"FlipZ","oldStatus":"online","newStatus":"online","level":"info","timestamp":"15-01-21 20:48:05"}
{"message":"User presence changed","username":"SiMO","oldStatus":"offline","newStatus":"dnd","level":"info","timestamp":"15-01-21 20:48:38"}
{"message":"User presence changed","username":"zuzanna","oldStatus":"dnd","newStatus":"dnd","level":"info","timestamp":"15-01-21 20:48:41"}
{"message":"User presence changed","username":"Tommy游녬","oldStatus":"online","newStatus":"online","level":"info","timestamp":"15-01-21 20:48:44"}
{"message":"Bot started","level":"info","timestamp":"15-01-21 20:50:37"}
{"message":"Bot started","level":"info","timestamp":"15-01-21 20:52:05"}
{"message":"Bot started","level":"info","timestamp":"15-01-21 20:54:10"}
{"message":"Bot started","level":"info","timestamp":"15-01-21 20:54:43"}
{"message":"Bot started","level":"info","timestamp":"15-01-21 20:55:29"}
{"message":"Bot started","level":"info","timestamp":"15-01-21 20:56:10"}
{"message":"Bot started","level":"info","timestamp":"15-01-21 20:59:40"}
{"message":"Bot started","level":"info","timestamp":"15-01-21 21:00:04"}
{"message":"Bot started","level":"info","timestamp":"15-01-21 21:13:45"}
{"message":"Bot started","level":"info","timestamp":"15-01-21 21:16:49"}
{"message":"Bot started","level":"info","timestamp":"15-01-21 21:17:39"}
{"message":"Bot started","level":"info","timestamp":"15-01-21 21:18:32"}
{"message":"Bot started","level":"info","timestamp":"15-01-21 21:18:43"}
{"message":"Bot started","level":"info","timestamp":"15-01-21 21:19:09"}
{"message":"Bot started","level":"info","timestamp":"15-01-21 21:19:23"}
{"message":"Bot started","level":"info","timestamp":"15-01-21 21:19:48"}
{"message":"Bot started","level":"info","timestamp":"15-01-21 21:32:41"}
{"message":"Bot started","level":"info","timestamp":"15-01-21 22:28:36"}
{"message":"Bot started","level":"info","timestamp":"15-01-21 23:59:07"}
